[2022-11-17 15:44:17,882]-[WORKER_89_57785]-[DEBUG]-[com.onmobile.prism.module.HandlerManager.process (135)]-process handler params for task B for subType:P
[2022-11-17 15:44:17,882]-[WORKER_89_57785]-[DEBUG]-[com.onmobile.prism.module.HandlerManager.getHandlerPool (403)]-handler found for key:[Ljava.util.Map$Entry;@733d3aba is handlerId:19
[2022-11-17 15:44:17,882]-[WORKER_89_57785]-[DEBUG]-[com.onmobile.prism.module.HandlerManager.getHandlerPool (406)]-handler given with key:site:1 pL:* hL:* st:P srv:101 flow:7 tt:B it:NO_CM handler:19
[2022-11-17 15:44:17,883]-[WORKER_89_57785]-[DEBUG]-[com.onmobile.prism.module.HandlerManager.getHandler (366)]-Giving Handler  to Thread = WORKER_89_57785
[2022-11-17 15:44:17,883]-[WORKER_89_57785]-[DEBUG]-[com.onmobile.prism.module.HandlerManager.process (154)]-processing with handler:com.onmobile.prism.interfaceHandler.GenericSoapHandler@4d63b759
[2022-11-17 15:44:17,883]-[WORKER_89_57785]-[DEBUG]-[com.onmobile.prism.interfaceHandler.GenericSoapHandler.process (408)]-PreTask Value::null
[2022-11-17 15:44:17,884]-[WORKER_89_57785]-[DEBUG]-[com.onmobile.prism.interfaceHandler.GenericSoapHandler.getRequestParameters (565)]-Values before replacing {RP1=TR:getTransactionObject.getSubId:{()|()}, RP2=CM:getServiceChargeById.getServiceChargeRefMap.get:{($SCID)|($SITEID)|(VOLUME)}, RP3=CM:getServiceById.getServiceRefParamValue:{($SRVID)|($SITEID,SERVICE_NUMBER)}, RP4=TR:getServiceCharge.getAmount:{()|()}, RP6=TR:getTransactionObject.getUserInfoValue:{()|(passKey)}, RP7=CM:getServiceById.getServiceRefParamValue:{($SRVID)|($SITEID,SUBSCRIPTION_ID)}, RP8=CM:getServiceById.getServiceRefParamValue:{($SRVID)|($SITEID,PRODUCT_INFO)}, RP9=CM:getServiceById.getServiceRefParamValue:{($SRVID)|($SITEID,PRODUCT_CODE)}, RP10=CM:getServiceById.getServiceRefParamValue:{($SRVID)|($SITEID,MERCHANT_CONTACT)}, HEADER1=Accept-Encoding: gzip,deflate, HEADER2=Content-Type: application/soap+xml; charset=utf-8, XP1=/*[local-name()='Envelope']/*[local-name()='Body']/*[local-name()='reserveVolumeResponse']/*[local-name()='result'], XP2=SPLIT(\|,0,XP1) , XP3=SPLIT(\|,1,XP1)   , Response=XP2}
[2022-11-17 15:44:17,884]-[WORKER_89_57785]-[DEBUG]-[com.onmobile.prism.interfaceHandler.GenericSoapHandler.getRequestParameters (573)]-Values after replacing {RP1=TR:getTransactionObject.getSubId:{()|()}, RP3=CM:getServiceById.getServiceRefParamValue:{(101)|(1,SERVICE_NUMBER)}, RP2=CM:getServiceChargeById.getServiceChargeRefMap.get:{(1011)|(1)|(VOLUME)}, RP4=TR:getServiceCharge.getAmount:{()|()}, RP7=CM:getServiceById.getServiceRefParamValue:{(101)|(1,SUBSCRIPTION_ID)}, RP6=TR:getTransactionObject.getUserInfoValue:{()|(passKey)}, RP9=CM:getServiceById.getServiceRefParamValue:{(101)|(1,PRODUCT_CODE)}, RP8=CM:getServiceById.getServiceRefParamValue:{(101)|(1,PRODUCT_INFO)}, RP10=CM:getServiceById.getServiceRefParamValue:{(101)|(1,MERCHANT_CONTACT)}}
[2022-11-17 15:44:17,885]-[WORKER_89_57785]-[DEBUG]-[com.onmobile.prism.genericsoap.helper.builder.MethodInvoker.getMethodResult (18)]-Trying to invoke TR:getTransactionObject.getSubId:{()|()} context recieved [CM, TR, UT]
[2022-11-17 15:44:17,888]-[WORKER_89_57785]-[DEBUG]-[com.onmobile.prism.genericsoap.helper.builder.MethodInvoker.getMethodResult (18)]-Trying to invoke CM:getServiceById.getServiceRefParamValue:{(101)|(1,SERVICE_NUMBER)} context recieved [CM, TR, UT]
[2022-11-17 15:44:17,889]-[WORKER_89_57785]-[DEBUG]-[com.onmobile.prism.genericsoap.helper.builder.MethodInvoker.getMethodResult (18)]-Trying to invoke CM:getServiceChargeById.getServiceChargeRefMap.get:{(1011)|(1)|(VOLUME)} context recieved [CM, TR, UT]
[2022-11-17 15:44:17,891]-[WORKER_89_57785]-[DEBUG]-[com.onmobile.prism.genericsoap.helper.builder.MethodInvoker.getMethodResult (18)]-Trying to invoke TR:getServiceCharge.getAmount:{()|()} context recieved [CM, TR, UT]
[2022-11-17 15:44:17,891]-[WORKER_89_57785]-[DEBUG]-[com.onmobile.prism.genericsoap.helper.builder.MethodInvoker.getMethodResult (18)]-Trying to invoke CM:getServiceById.getServiceRefParamValue:{(101)|(1,SUBSCRIPTION_ID)} context recieved [CM, TR, UT]
[2022-11-17 15:44:17,891]-[WORKER_89_57785]-[DEBUG]-[com.onmobile.prism.genericsoap.helper.builder.MethodInvoker.getMethodResult (18)]-Trying to invoke TR:getTransactionObject.getUserInfoValue:{()|(passKey)} context recieved [CM, TR, UT]
[2022-11-17 15:44:17,891]-[WORKER_89_57785]-[DEBUG]-[com.onmobile.prism.controllers.SubscriptionController.getuserInfoValuePair (5856)]-Info --> abc:hi|variant:dev|songname:TERE BINA|campaignid:source=Test_Partner,medium=test partner company,campaign=DIALOGSL_CA_testing,campaignsessionid=123,storesessionid=c6931647910740558c2f9952287c9c29,network-type=DATA,mode=SM,statickey1=staticvalue|CONTENT_ID:contentid=content12345,catid=ct12345,campaign=onmobile,campaignsessionid=onmobile|cmpId:onmobile|APP_SUBSC_ID:136401|CIRCLE_NAME:ALL|APP_NAME:DIALOGSL|variant:tqcMinor|catname:cat12345|platform:platform12345|accountCode:acc12345|customerType:cus12345|segment:seg12345
[2022-11-17 15:44:17,891]-[WORKER_89_57785]-[DEBUG]-[com.onmobile.prism.controllers.SubscriptionController.getuserInfoValuePair (5866)]-Tokens --> abc:hi
[2022-11-17 15:44:17,892]-[WORKER_89_57785]-[DEBUG]-[com.onmobile.prism.controllers.SubscriptionController.getuserInfoValuePair (5871)]-Decoded --> abc:hi
[2022-11-17 15:44:17,892]-[WORKER_89_57785]-[DEBUG]-[com.onmobile.prism.controllers.SubscriptionController.getuserInfoValuePair (5866)]-Tokens --> variant:dev
[2022-11-17 15:44:17,892]-[WORKER_89_57785]-[DEBUG]-[com.onmobile.prism.controllers.SubscriptionController.getuserInfoValuePair (5871)]-Decoded --> variant:dev
[2022-11-17 15:44:17,892]-[WORKER_89_57785]-[DEBUG]-[com.onmobile.prism.controllers.SubscriptionController.getuserInfoValuePair (5866)]-Tokens --> songname:TERE BINA
[2022-11-17 15:44:17,892]-[WORKER_89_57785]-[DEBUG]-[com.onmobile.prism.controllers.SubscriptionController.getuserInfoValuePair (5871)]-Decoded --> songname:TERE BINA
[2022-11-17 15:44:17,892]-[WORKER_89_57785]-[DEBUG]-[com.onmobile.prism.controllers.SubscriptionController.getuserInfoValuePair (5866)]-Tokens --> campaignid:source=Test_Partner,medium=test partner company,campaign=DIALOGSL_CA_testing,campaignsessionid=123,storesessionid=c6931647910740558c2f9952287c9c29,network-type=DATA,mode=SM,statickey1=staticvalue
[2022-11-17 15:44:17,892]-[WORKER_89_57785]-[DEBUG]-[com.onmobile.prism.controllers.SubscriptionController.getuserInfoValuePair (5871)]-Decoded --> campaignid:source=Test_Partner,medium=test partner company,campaign=DIALOGSL_CA_testing,campaignsessionid=123,storesessionid=c6931647910740558c2f9952287c9c29,network-type=DATA,mode=SM,statickey1=staticvalue
[2022-11-17 15:44:17,893]-[WORKER_89_57785]-[DEBUG]-[com.onmobile.prism.controllers.SubscriptionController.getuserInfoValuePair (5866)]-Tokens --> CONTENT_ID:contentid=content12345,catid=ct12345,campaign=onmobile,campaignsessionid=onmobile
[2022-11-17 15:44:17,893]-[WORKER_89_57785]-[DEBUG]-[com.onmobile.prism.controllers.SubscriptionController.getuserInfoValuePair (5871)]-Decoded --> CONTENT_ID:contentid=content12345,catid=ct12345,campaign=onmobile,campaignsessionid=onmobile
[2022-11-17 15:44:17,893]-[WORKER_89_57785]-[DEBUG]-[com.onmobile.prism.controllers.SubscriptionController.getuserInfoValuePair (5866)]-Tokens --> cmpId:onmobile
[2022-11-17 15:44:17,893]-[WORKER_89_57785]-[DEBUG]-[com.onmobile.prism.controllers.SubscriptionController.getuserInfoValuePair (5871)]-Decoded --> cmpId:onmobile
[2022-11-17 15:44:17,893]-[WORKER_89_57785]-[DEBUG]-[com.onmobile.prism.controllers.SubscriptionController.getuserInfoValuePair (5866)]-Tokens --> APP_SUBSC_ID:136401
[2022-11-17 15:44:17,893]-[WORKER_89_57785]-[DEBUG]-[com.onmobile.prism.controllers.SubscriptionController.getuserInfoValuePair (5871)]-Decoded --> APP_SUBSC_ID:136401
[2022-11-17 15:44:17,893]-[WORKER_89_57785]-[DEBUG]-[com.onmobile.prism.controllers.SubscriptionController.getuserInfoValuePair (5866)]-Tokens --> CIRCLE_NAME:ALL
[2022-11-17 15:44:17,893]-[WORKER_89_57785]-[DEBUG]-[com.onmobile.prism.controllers.SubscriptionController.getuserInfoValuePair (5871)]-Decoded --> CIRCLE_NAME:ALL
[2022-11-17 15:44:17,894]-[WORKER_89_57785]-[DEBUG]-[com.onmobile.prism.controllers.SubscriptionController.getuserInfoValuePair (5866)]-Tokens --> APP_NAME:DIALOGSL
[2022-11-17 15:44:17,894]-[WORKER_89_57785]-[DEBUG]-[com.onmobile.prism.controllers.SubscriptionController.getuserInfoValuePair (5871)]-Decoded --> APP_NAME:DIALOGSL
[2022-11-17 15:44:17,894]-[WORKER_89_57785]-[DEBUG]-[com.onmobile.prism.controllers.SubscriptionController.getuserInfoValuePair (5866)]-Tokens --> variant:tqcMinor
[2022-11-17 15:44:17,894]-[WORKER_89_57785]-[DEBUG]-[com.onmobile.prism.controllers.SubscriptionController.getuserInfoValuePair (5871)]-Decoded --> variant:tqcMinor
[2022-11-17 15:44:17,894]-[WORKER_89_57785]-[DEBUG]-[com.onmobile.prism.controllers.SubscriptionController.getuserInfoValuePair (5866)]-Tokens --> catname:cat12345
[2022-11-17 15:44:17,894]-[WORKER_89_57785]-[DEBUG]-[com.onmobile.prism.controllers.SubscriptionController.getuserInfoValuePair (5871)]-Decoded --> catname:cat12345
[2022-11-17 15:44:17,894]-[WORKER_89_57785]-[DEBUG]-[com.onmobile.prism.controllers.SubscriptionController.getuserInfoValuePair (5866)]-Tokens --> platform:platform12345
[2022-11-17 15:44:17,894]-[WORKER_89_57785]-[DEBUG]-[com.onmobile.prism.controllers.SubscriptionController.getuserInfoValuePair (5871)]-Decoded --> platform:platform12345
[2022-11-17 15:44:17,895]-[WORKER_89_57785]-[DEBUG]-[com.onmobile.prism.controllers.SubscriptionController.getuserInfoValuePair (5866)]-Tokens --> accountCode:acc12345
[2022-11-17 15:44:17,895]-[WORKER_89_57785]-[DEBUG]-[com.onmobile.prism.controllers.SubscriptionController.getuserInfoValuePair (5871)]-Decoded --> accountCode:acc12345
[2022-11-17 15:44:17,895]-[WORKER_89_57785]-[DEBUG]-[com.onmobile.prism.controllers.SubscriptionController.getuserInfoValuePair (5866)]-Tokens --> customerType:cus12345
[2022-11-17 15:44:17,895]-[WORKER_89_57785]-[DEBUG]-[com.onmobile.prism.controllers.SubscriptionController.getuserInfoValuePair (5871)]-Decoded --> customerType:cus12345
[2022-11-17 15:44:17,895]-[WORKER_89_57785]-[DEBUG]-[com.onmobile.prism.controllers.SubscriptionController.getuserInfoValuePair (5866)]-Tokens --> segment:seg12345
[2022-11-17 15:44:17,895]-[WORKER_89_57785]-[DEBUG]-[com.onmobile.prism.controllers.SubscriptionController.getuserInfoValuePair (5871)]-Decoded --> segment:seg12345
[2022-11-17 15:44:17,895]-[WORKER_89_57785]-[DEBUG]-[com.onmobile.prism.genericsoap.helper.builder.MethodInvoker.getMethodResult (18)]-Trying to invoke CM:getServiceById.getServiceRefParamValue:{(101)|(1,PRODUCT_CODE)} context recieved [CM, TR, UT]
[2022-11-17 15:44:17,896]-[WORKER_89_57785]-[DEBUG]-[com.onmobile.prism.genericsoap.helper.builder.MethodInvoker.getMethodResult (18)]-Trying to invoke CM:getServiceById.getServiceRefParamValue:{(101)|(1,PRODUCT_INFO)} context recieved [CM, TR, UT]
[2022-11-17 15:44:17,896]-[WORKER_89_57785]-[DEBUG]-[com.onmobile.prism.genericsoap.helper.builder.MethodInvoker.getMethodResult (18)]-Trying to invoke CM:getServiceById.getServiceRefParamValue:{(101)|(1,MERCHANT_CONTACT)} context recieved [CM, TR, UT]
[2022-11-17 15:44:17,896]-[WORKER_89_57785]-[DEBUG]-[com.onmobile.prism.interfaceHandler.GenericSoapHandler.getRequestParameters (590)]-Request Parameters {RP1=9845000001, RP3=servicenumber, RP2=volume, RP4=30.0, RP7=subscriptionid, RP6=null, RP9=productcode, RP8=productinfo, RP10=merchantcontact} 
[2022-11-17 15:44:17,945]-[WORKER_89_57785]-[DEBUG]-[com.onmobile.prism.genericsoap.helper.builder.XMLReplacer.getFormedRequest (29)]-Final Request Formed <S:Envelope xmlns:S="http://schemas.xmlsoap.org/soap/envelope/">	<S:Body>		<ns2:reserveVolume xmlns:ns3="http://www.csapi.org/schema/parlayx/common/v3_1" xmlns:ns2="http://www.csapi.org/schema/parlayx/payment/reserve_volume_charging/v3_1/local">			<ns2:endUserIdentifier>9845000001</ns2:endUserIdentifier>			<ns2:volume>volume</ns2:volume>			<ns2:billingText></ns2:billingText>			<ns2:parameters>				<name>Service_Number</name>				<value>servicenumber</value>			</ns2:parameters>			<ns2:parameters>				<name>amount</name>				<value>30.0</value>			</ns2:parameters>			<ns2:parameters>				<name>Transaction_ID</name>				<value>6768718041740378994021</value>			</ns2:parameters>			<ns2:parameters>				<name>Service_Type</name>				<value>Subscription Register</value>			</ns2:parameters>			<ns2:parameters>				<name>PassKey</name>				<value><![CDATA[null]]></value>			</ns2:parameters>			<ns2:parameters>				<name>Subscription_ID</name>				<value>subscriptionid</value>			</ns2:parameters>			<ns2:parameters>				<name>CCT</name>				<value>10</value>			</ns2:parameters>			<ns2:parameters>				<name>Product_Info</name>				<value>productinfo</value>			</ns2:parameters>			<ns2:parameters>				<name>Product_Code</name>				<value>productcode</value>			</ns2:parameters>			<ns2:parameters>				<name>Merchant_Contact</name>				<value>merchantcontact</value>			</ns2:parameters>		</ns2:reserveVolume>	</S:Body></S:Envelope>
[2022-11-17 15:44:17,946]-[WORKER_89_57785]-[DEBUG]-[com.onmobile.prism.interfaceHandler.GenericSoapHandler.sendHttpRequest (691)]-Header map from master file  {Accept-Encoding= gzip,deflate, Content-Type= application/soap+xml; charset=utf-8} 
[2022-11-17 15:44:17,946]-[WORKER_89_57785]-[DEBUG]-[com.onmobile.prism.interfaceHandler.GenericSoapHandler.sendHttpRequest (697)]-Header map after replaceing place holders file  {Accept-Encoding= gzip,deflate, Content-Type= application/soap+xml; charset=utf-8} 
[2022-11-17 15:44:17,948]-[WORKER_89_57785]-[DEBUG]-[com.onmobile.prism.core.TransactionRecord.setSharedVariables (202)]-Setting shared variables:REQ_TIME value:20221117154417
[2022-11-17 15:44:17,970]-[WORKER_89_57785]-[FATAL]-[com.onmobile.prism.util.helper.HttpHelper.initialize (164)]-Http Conn pool req - true
[2022-11-17 15:44:17,992]-[WORKER_89_57785]-[INFO]-[com.onmobile.prism.util.helper.HttpHelper.POSTRequestWithMonitor (279)]-Connection Params --> 172.19.113.108:8080--null:0
[2022-11-17 15:44:17,998]-[WORKER_89_57785]-[INFO]-[com.onmobile.prism.util.helper.HttpHelper.POSTRequestWithMonitor (325)]-URL to hit (POST) -http://172.19.113.108:8080/ais-6/reserveVolume.jsp?null 
[2022-11-17 15:44:18,024]-[WORKER_89_57785]-[INFO]-[com.onmobile.prism.util.helper.HttpHelper.POSTRequestWithMonitor (368)]-Response from URL --> <soap:Envelope	xmlns:soap="http://schemas.xmlsoap.org/soap/envelope/"><soap:Body><ns2:reserveVolumeResponse xmlns:ns2="http://www.csapi.org/schema/parlayx/payment/reserve_volume_charging/v3_1/local"	xmlns:ns3="http://www.csapi.org/schema/parlayx/common/v3_1"><ns2:result>SVC2002|38314352471956690438</ns2:result></ns2:reserveVolumeResponse></soap:Body></soap:Envelope>
[2022-11-17 15:44:18,025]-[WORKER_89_57785]-[ERROR]-[com.onmobile.prism.tools.AESEncrptDecrpt.encryptReqRespLog (127)]-Param ENCRYPT_REQ_RESP_LOG not configured. Taking default as false.
[2022-11-17 15:44:18,025]-[WORKER_89_57785]-[INFO]-[com.onmobile.prism.log.TLog.getProps (126)]-Found properties as java.io.BufferedInputStream@52da835b
[2022-11-17 15:44:18,025]-[WORKER_89_57785]-[INFO]-[com.onmobile.prism.log.TLog.getProps (128)]-Properties loaded
[2022-11-17 15:44:18,025]-[WORKER_89_57785]-[DEBUG]-[com.onmobile.prism.log.TLog.loadFileProps (87)]-TRANS_BASE_DIR:/PRISM/PRISMD/PRISMD_LOGS LOG_FILE_PREFIX:TLOG_REQUEST_LOG_  LOG_FILE_EXTENSION:.log ROLL_INTERVAL:60
[2022-11-17 15:44:18,025]-[WORKER_89_57785]-[DEBUG]-[com.onmobile.prism.platform.PrismFileWriter.initProcessorClass (211)]-initProcessorClass()
[2022-11-17 15:44:18,026]-[WORKER_89_57785]-[WARN]-[com.onmobile.prism.platform.PrismFileWriter.initProcessorClass (213)]- No Processor Class Found 
[2022-11-17 15:44:18,026]-[WORKER_89_57785]-[INFO]-[com.onmobile.prism.platform.PrismFileWriter.initSeqNum (146)]-Value Not Found:Parameter:MAX_SEQ_NUM_FILE_ID_REQUEST_LOG Not configured for site:-1 and Module:SYSTEM
[2022-11-17 15:44:18,026]-[WORKER_89_57785]-[DEBUG]-[com.onmobile.prism.platform.PrismFileWriter.getFileDateTimeAsString (422)]-REQUEST_LOG_ZONE not configured in prism config params. Continuing without settiing zone
[2022-11-17 15:44:18,026]-[WORKER_89_57785]-[DEBUG]-[com.onmobile.prism.platform.PrismFileWriter.createFile (251)]-createFile() : mFileHandle=/PRISM/PRISMD/PRISMD_LOGS/TLOG/REQUEST_LOG/TLOG_REQUEST_LOG_20221117_150000.tmp
[2022-11-17 15:44:18,026]-[WORKER_89_57785]-[DEBUG]-[com.onmobile.prism.platform.PrismFileWriter.createFile (253)]-Base dir =/PRISM/PRISMD/PRISMD_LOGS/TLOG/REQUEST_LOG 
[2022-11-17 15:44:18,026]-[WORKER_89_57785]-[INFO]-[com.onmobile.prism.platform.PrismFileWriter.createFile (288)]-CreateFile():NextRollTime is 2022-11-17T16:00:00.000+0530
[2022-11-17 15:44:18,026]-[WORKER_89_57785]-[INFO]-[com.onmobile.prism.log.TLog.initLogFile (111)]-initLogFile():Tlog initialized for LogName:REQUEST_LOG
[2022-11-17 15:44:18,026]-[WORKER_89_57785]-[WARN]-[com.onmobile.prism.util.helper.HttpHelper.POSTRequestWithMonitor (439)]-Excep: while writing TLOG com.onmobile.prism.exception.PrismValueNotFoundException: Value Not Found:No Parameter configured for site:-1 and Module:HTTP_HELPER
[2022-11-17 15:44:18,027]-[WORKER_89_57785]-[DEBUG]-[com.onmobile.prism.core.TransactionRecord.setSharedVariables (202)]-Setting shared variables:RESP_TIME value:20221117154418
[2022-11-17 15:44:18,231]-[WORKER_89_57785]-[DEBUG]-[com.onmobile.prism.interfaceHandler.GenericSoapHandler.getXPathValue (835)]-xpath value map {XP1=SVC2002|38314352471956690438, XP3=38314352471956690438, XP2=SVC2002}
[2022-11-17 15:44:18,231]-[WORKER_89_57785]-[DEBUG]-[com.onmobile.prism.interfaceHandler.GenericSoapHandler.setTransRecord (629)]-Properties of transaction properties {RP1=TR:getTransactionObject.getSubId:{()|()}, RP2=CM:getServiceChargeById.getServiceChargeRefMap.get:{($SCID)|($SITEID)|(VOLUME)}, RP3=CM:getServiceById.getServiceRefParamValue:{($SRVID)|($SITEID,SERVICE_NUMBER)}, RP4=TR:getServiceCharge.getAmount:{()|()}, RP6=TR:getTransactionObject.getUserInfoValue:{()|(passKey)}, RP7=CM:getServiceById.getServiceRefParamValue:{($SRVID)|($SITEID,SUBSCRIPTION_ID)}, RP8=CM:getServiceById.getServiceRefParamValue:{($SRVID)|($SITEID,PRODUCT_INFO)}, RP9=CM:getServiceById.getServiceRefParamValue:{($SRVID)|($SITEID,PRODUCT_CODE)}, RP10=CM:getServiceById.getServiceRefParamValue:{($SRVID)|($SITEID,MERCHANT_CONTACT)}, HEADER1=Accept-Encoding: gzip,deflate, HEADER2=Content-Type: application/soap+xml; charset=utf-8, XP1=/*[local-name()='Envelope']/*[local-name()='Body']/*[local-name()='reserveVolumeResponse']/*[local-name()='result'], XP2=SPLIT(\|,0,XP1) , XP3=SPLIT(\|,1,XP1)   , Response=XP2} 
[2022-11-17 15:44:18,231]-[WORKER_89_57785]-[DEBUG]-[com.onmobile.prism.interfaceHandler.GenericSoapHandler.setTransRecord (644)]-Properties of transaction properties after replacing xpaths{RP1=TR:getTransactionObject.getSubId:{()|()}, RP2=CM:getServiceChargeById.getServiceChargeRefMap.get:{($SCID)|($SITEID)|(VOLUME)}, RP3=CM:getServiceById.getServiceRefParamValue:{($SRVID)|($SITEID,SERVICE_NUMBER)}, RP4=TR:getServiceCharge.getAmount:{()|()}, RP6=TR:getTransactionObject.getUserInfoValue:{()|(passKey)}, RP7=CM:getServiceById.getServiceRefParamValue:{($SRVID)|($SITEID,SUBSCRIPTION_ID)}, RP8=CM:getServiceById.getServiceRefParamValue:{($SRVID)|($SITEID,PRODUCT_INFO)}, RP9=CM:getServiceById.getServiceRefParamValue:{($SRVID)|($SITEID,PRODUCT_CODE)}, RP10=CM:getServiceById.getServiceRefParamValue:{($SRVID)|($SITEID,MERCHANT_CONTACT)}, HEADER1=Accept-Encoding: gzip,deflate, HEADER2=Content-Type: application/soap+xml; charset=utf-8, XP1=/*[local-name()='Envelope']/*[local-name()='Body']/*[local-name()='reserveVolumeResponse']/*[local-name()='result'], XP2=SPLIT(\|,0,XP1) , XP3=SPLIT(\|,1,XP1)   , Response=XP2} 
[2022-11-17 15:44:18,231]-[WORKER_89_57785]-[DEBUG]-[com.onmobile.prism.core.ResponseFileCache.getHandlerResponseForCode (244)]-Error code:SVC2002
[2022-11-17 15:44:18,232]-[WORKER_89_57785]-[DEBUG]-[com.onmobile.prism.util.helper.InterfaceHandlerHelper.getTaskWiseOperatorResponseCode (30)]-Interpreted str : ERROR  Task type : B
[2022-11-17 15:44:18,233]-[WORKER_89_57785]-[DEBUG]-[com.onmobile.prism.core.ResponseFileCache.getHandlerResponseForCode (244)]-Error code:SVC2002
[2022-11-17 15:44:18,233]-[WORKER_89_57785]-[DEBUG]-[com.onmobile.prism.core.ResponseFileCache.getHandlerResponseForCode (244)]-Error code:SVC2002
[2022-11-17 15:44:18,234]-[WORKER_89_57785]-[DEBUG]-[com.onmobile.prism.module.HandlerManager.process (168)]-after operator response:OperatorResponse:	ResponseCode: 3	HandlerMessage: 38314352471956690438	OperatorResponseCode: null	Amount: null	ChangeUserType:  	ReferenceId: null	BillingKey: null	BalanceAmt: null
[2022-11-17 15:44:18,234]-[WORKER_89_57785]-[DEBUG]-[com.onmobile.prism.module.HandlerManager.process (171)]-released handler
[2022-11-17 15:44:18,234]-[WORKER_89_57785]-[INFO]-[com.onmobile.prism.module.HandlerManager.releaseHandler (429)]- Released Handler by (WORKER_89_57785)
[2022-11-17 15:44:18,234]-[WORKER_89_57785]-[DEBUG]-[com.onmobile.prism.module.HandlerManager.process (176)]-perf logger:com.onmobile.prism.log.TaskPerfLogger@4dd28c19
[2022-11-17 15:44:18,234]-[WORKER_89_57785]-[DEBUG]-[com.onmobile.prism.core.TransactionRecord.removeSharedVariables (207)]-Removing shared variable:CHARGE_INTERFACE_TYPE with value:INTERFACE_TYPE_NO_CM
[2022-11-17 15:44:18,234]-[WORKER_89_57785]-[DEBUG]-[com.onmobile.prism.jobImpl.ProcessJobImplementation.processTask (761)]-checking response:OperatorResponse:	ResponseCode: 3	HandlerMessage: 38314352471956690438	OperatorResponseCode: null	Amount: null	ChangeUserType:  	ReferenceId: null	BillingKey: null	BalanceAmt: null
[2022-11-17 15:44:18,234]-[WORKER_89_57785]-[DEBUG]-[com.onmobile.prism.core.TransactionRecord.setSharedVariables (202)]-Setting shared variables:LAST_CHARGED_AMOUNT value:null
[2022-11-17 15:44:18,234]-[WORKER_89_57785]-[DEBUG]-[com.onmobile.prism.core.TransactionRecord.setSharedVariables (202)]-Setting shared variables:LAST_CHARGED_SCID value:1011
[2022-11-17 15:44:18,234]-[WORKER_89_57785]-[DEBUG]-[com.onmobile.prism.core.TransactionRecord.setSharedVariables (202)]-Setting shared variables:CHG_DONE value:true
[2022-11-17 15:44:18,234]-[WORKER_89_57785]-[DEBUG]-[com.onmobile.prism.bll.taskProcessor.BillingProcessor.checkResponse (431)]-operatorResponse:OperatorResponse:	ResponseCode: 3	HandlerMessage: 38314352471956690438	OperatorResponseCode: null	Amount: null	ChangeUserType:  	ReferenceId: null	BillingKey: null	BalanceAmt: null
[2022-11-17 15:44:18,234]-[WORKER_89_57785]-[DEBUG]-[com.onmobile.prism.core.Subscription.setPmtStatus (420)]-PmtStatus:30---3
[2022-11-17 15:44:18,235]-[WORKER_89_57785]-[DEBUG]-[com.onmobile.prism.core.Subscription.getSystemInfoValue (333)]-Getting SystemInfo:billingRetryTimeout value:null
[2022-11-17 15:44:18,235]-[WORKER_89_57785]-[DEBUG]-[com.onmobile.prism.bll.taskProcessor.BillingProcessor.checkResponse (461)]-pmtStat:3
[2022-11-17 15:44:18,235]-[WORKER_89_57785]-[DEBUG]-[com.onmobile.prism.core.Subscription.getSystemInfoValue (333)]-Getting SystemInfo:recFileChg value:null
[2022-11-17 15:44:18,235]-[WORKER_89_57785]-[DEBUG]-[com.onmobile.prism.interfaces.iBusinessLogicHandler.process (52)]-processing record for response type:E
[2022-11-17 15:44:18,235]-[WORKER_89_57785]-[DEBUG]-[com.onmobile.prism.bll.businessLogicHandler.DefaultBillingBusinessLogicHandler.processError (870)]-Will remove step chg id
[2022-11-17 15:44:18,235]-[WORKER_89_57785]-[DEBUG]-[com.onmobile.prism.core.SystemInfo.removeSystemInfoParamsters (94)]-REMOVED system info - StepChgId:null
[2022-11-17 15:44:18,236]-[WORKER_89_57785]-[DEBUG]-[com.onmobile.prism.bll.businessLogicHandler.DefaultBillingBusinessLogicHandler.processAll (205)]-nef start count Not configured for site : 1 looking for -1
[2022-11-17 15:44:18,236]-[WORKER_89_57785]-[DEBUG]-[com.onmobile.prism.bll.businessLogicHandler.DefaultBillingBusinessLogicHandler.processAll (209)]-nef start count Not configured default 0 
[2022-11-17 15:44:18,236]-[WORKER_89_57785]-[DEBUG]-[com.onmobile.prism.bll.businessLogicHandler.DefaultBillingBusinessLogicHandler.processAll (217)]-Fallback count Not configured for site : 1 looking for -1
[2022-11-17 15:44:18,236]-[WORKER_89_57785]-[DEBUG]-[com.onmobile.prism.bll.businessLogicHandler.DefaultBillingBusinessLogicHandler.processAll (221)]-Fallback count Not configured default 0 
[2022-11-17 15:44:18,236]-[WORKER_89_57785]-[DEBUG]-[com.onmobile.prism.bll.businessLogicHandler.DefaultBillingBusinessLogicHandler.processAll (228)]-Step charge count Not configured for site : 1 looking for -1
[2022-11-17 15:44:18,236]-[WORKER_89_57785]-[DEBUG]-[com.onmobile.prism.bll.businessLogicHandler.DefaultBillingBusinessLogicHandler.processAll (232)]-Step charge count Not configured default 0 
[2022-11-17 15:44:18,236]-[WORKER_89_57785]-[DEBUG]-[com.onmobile.prism.bll.businessLogicHandler.DefaultBillingBusinessLogicHandler.processAll (239)]-Micro charge count Not configured for site : 1 looking for -1
[2022-11-17 15:44:18,236]-[WORKER_89_57785]-[DEBUG]-[com.onmobile.prism.bll.businessLogicHandler.DefaultBillingBusinessLogicHandler.processAll (243)]-Step charge count Not configured default 0 
[2022-11-17 15:44:18,237]-[WORKER_89_57785]-[DEBUG]-[com.onmobile.prism.module.ConsentManager.isConsentEnabled (86)]-consent level not configured.Value Not Found:Parameter:ACT_LOWBAL_CONSENT_LEVEL Not configured for site:1 and Module:MODULE_CONSENT
[2022-11-17 15:44:18,237]-[WORKER_89_57785]-[DEBUG]-[com.onmobile.prism.bll.businessLogicHandler.DefaultBillingBusinessLogicHandler.processGraceAndRetry (1065)]-Original Charge Object:null
[2022-11-17 15:44:18,238]-[WORKER_89_57785]-[DEBUG]-[com.onmobile.prism.bll.businessLogicHandler.BusinessLogicUtils.getMaxSusDays (1297)]-NO code wise suspension configured. Continuing normal flow
[2022-11-17 15:44:18,238]-[WORKER_89_57785]-[DEBUG]-[com.onmobile.prism.bll.businessLogicHandler.DefaultBillingBusinessLogicHandler.processGraceAndRetry (1081)]-intMaxGraceDays:1 intMaxSusDays:5 intRetryIntervalForGrace:1.0 intRetryIntervalForSus:1.0
[2022-11-17 15:44:18,238]-[WORKER_89_57785]-[DEBUG]-[com.onmobile.prism.bll.businessLogicHandler.BusinessLogicUtils.calculateGrace (1377)]-calculating grace retryPeriod:1.0 maxdays:1 susinterval:0.0 maxSUs:0 updatereq:true
[2022-11-17 15:44:18,239]-[WORKER_89_57785]-[DEBUG]-[com.onmobile.prism.core.Subscription.getSystemInfoValue (333)]-Getting SystemInfo:ChgType value:null
[2022-11-17 15:44:18,239]-[WORKER_89_57785]-[DEBUG]-[com.onmobile.prism.bll.businessLogicHandler.BusinessLogicUtils.calculateGrace (1401)]-BASE_NBD_CALC_REQUIRED not configured. So setting as false
[2022-11-17 15:44:18,239]-[WORKER_89_57785]-[DEBUG]-[com.onmobile.prism.bll.businessLogicHandler.BusinessLogicUtils.calculateGrace (1425)]-nbd=2022-11-17T15:40:15.000+0530 plus:86400000
[2022-11-17 15:44:18,239]-[WORKER_89_57785]-[DEBUG]-[com.onmobile.prism.core.Subscription.getSystemInfoValue (333)]-Getting SystemInfo:flowId value:7
[2022-11-17 15:44:18,240]-[WORKER_89_57785]-[DEBUG]-[com.onmobile.prism.bll.businessLogicHandler.BusinessLogicUtils.calculateGrace (1436)]-is suspension - false
[2022-11-17 15:44:18,240]-[WORKER_89_57785]-[DEBUG]-[com.onmobile.prism.bll.businessLogicHandler.BusinessLogicUtils.calculateGrace (1451)]-timeBaseForCalc:2022-11-17T15:40:15.000+0530  graceEndTime:2022-11-18T15:40:15.000+0530
[2022-11-17 15:44:18,240]-[WORKER_89_57785]-[DEBUG]-[com.onmobile.prism.bll.businessLogicHandler.BusinessLogicUtils.calculateGrace (1479)]-pMaxGraceDays + pMaxSusDays=1
[2022-11-17 15:44:18,240]-[WORKER_89_57785]-[DEBUG]-[com.onmobile.prism.bll.businessLogicHandler.BusinessLogicUtils.calculateGrace (1496)]-Suspension stiil? : false
[2022-11-17 15:44:18,240]-[WORKER_89_57785]-[DEBUG]-[com.onmobile.prism.bll.businessLogicHandler.BusinessLogicUtils.getSubscriptionGraceDays (1790)]-grace days:0
[2022-11-17 15:44:18,240]-[WORKER_89_57785]-[DEBUG]-[com.onmobile.prism.bll.businessLogicHandler.BusinessLogicUtils.getSubscriptionGraceDays (1796)]-BASE_NBD_CALC_REQUIRED not configured. So setting as false
[2022-11-17 15:44:18,240]-[WORKER_89_57785]-[DEBUG]-[com.onmobile.prism.bll.businessLogicHandler.BusinessLogicUtils.calculateGrace (1505)]-retry interval - 1.0, max days - 1
[2022-11-17 15:44:18,240]-[WORKER_89_57785]-[DEBUG]-[com.onmobile.prism.bll.businessLogicHandler.BusinessLogicUtils.getSubscriptionGraceDays (1790)]-grace days:0
[2022-11-17 15:44:18,240]-[WORKER_89_57785]-[DEBUG]-[com.onmobile.prism.bll.businessLogicHandler.BusinessLogicUtils.getSubscriptionGraceDays (1796)]-BASE_NBD_CALC_REQUIRED not configured. So setting as false
[2022-11-17 15:44:18,241]-[WORKER_89_57785]-[DEBUG]-[com.onmobile.prism.bll.businessLogicHandler.BusinessLogicUtils.getNextSchedule (746)]-StartDate:2022-11-17T15:40:15.000+0530 intervalMins:1440 max cnt:1 current cnt:0 queueId:1001 retrycnthasMap:null
[2022-11-17 15:44:18,241]-[WORKER_89_57785]-[DEBUG]-[com.onmobile.prism.bll.businessLogicHandler.BusinessLogicUtils.getNextSchedule (784)]-isCustomQueue:false chargeSchedule:1668679815000 customTime:1668680058241
[2022-11-17 15:44:18,241]-[WORKER_89_57785]-[DEBUG]-[com.onmobile.prism.bll.businessLogicHandler.BusinessLogicUtils.getNextSchedule (788)]-Breaking the loop..
[2022-11-17 15:44:18,241]-[WORKER_89_57785]-[DEBUG]-[com.onmobile.prism.bll.businessLogicHandler.BusinessLogicUtils.getNextSchedule (799)]-Charge Schedule:2022-11-18T15:40:15.000+0530
[2022-11-17 15:44:18,241]-[WORKER_89_57785]-[DEBUG]-[com.onmobile.prism.bll.businessLogicHandler.BusinessLogicUtils.getNextSchedule (807)]-isShootUpConfigured:false|Charge Schedule after shootup calculation:2022-11-18T15:40:15.000+0530
[2022-11-17 15:44:18,241]-[WORKER_89_57785]-[DEBUG]-[com.onmobile.prism.bll.businessLogicHandler.BusinessLogicUtils.getNextSchedule (812)]-next process time for grace - 2022-11-18T15:40:15.000+0530
[2022-11-17 15:44:18,241]-[WORKER_89_57785]-[DEBUG]-[com.onmobile.prism.bll.businessLogicHandler.BusinessLogicUtils.calculateGrace (1548)]-tsNextGraceSchedule:2022-11-18T15:40:15.000+0530
[2022-11-17 15:44:18,242]-[WORKER_89_57785]-[DEBUG]-[com.onmobile.prism.core.Subscription.setChargeSchedule (161)]-Charge Schedule Changed to:2022-11-18T15:40:15.000+0530 from:2022-11-17T15:44:13.000+0530
[2022-11-17 15:44:18,242]-[WORKER_89_57785]-[DEBUG]-[com.onmobile.prism.core.Subscription.setErrorRetryCount (678)]-Setting the error retry count as:0 from:0
[2022-11-17 15:44:18,242]-[WORKER_89_57785]-[DEBUG]-[com.onmobile.prism.bll.businessLogicHandler.BusinessLogicUtils.getSubscriptionGraceDays (1790)]-grace days:0
[2022-11-17 15:44:18,242]-[WORKER_89_57785]-[DEBUG]-[com.onmobile.prism.bll.businessLogicHandler.BusinessLogicUtils.getSubscriptionGraceDays (1796)]-BASE_NBD_CALC_REQUIRED not configured. So setting as false
[2022-11-17 15:44:18,242]-[WORKER_89_57785]-[DEBUG]-[com.onmobile.prism.bll.businessLogicHandler.BusinessLogicUtils.getSubscriptionGraceRetryCount (1862)]-BASE_NBD_CALC_REQUIRED not configured. So setting as false
[2022-11-17 15:44:18,242]-[WORKER_89_57785]-[DEBUG]-[com.onmobile.prism.bll.businessLogicHandler.BusinessLogicUtils.getSubscriptionGraceRetryCount (1881)]-currHour=15 nbdHour=15
[2022-11-17 15:44:18,242]-[WORKER_89_57785]-[INFO]-[com.onmobile.prism.core.SystemInfo.setSystemInfoParameters (101)]-Reached here. pInfoConstants SYSTEM_INFO_GRACE_RETRY_COUNT pValue : 0
[2022-11-17 15:44:18,242]-[WORKER_89_57785]-[INFO]-[com.onmobile.prism.core.SystemInfo.setSystemInfoParameters (101)]-Reached here. pInfoConstants SYSTEM_INFO_GRACE_COUNT pValue : 1
[2022-11-17 15:44:18,242]-[WORKER_89_57785]-[DEBUG]-[com.onmobile.prism.bll.businessLogicHandler.BusinessLogicUtils.calculateGrace (1571)]-Shoot up logic
[2022-11-17 15:44:18,243]-[WORKER_89_57785]-[DEBUG]-[com.onmobile.prism.bll.businessLogicHandler.DefaultBillingBusinessLogicHandler.processGraceAndRetry (1106)]-max grace days :1 max sus days:5
[2022-11-17 15:44:18,243]-[WORKER_89_57785]-[DEBUG]-[com.onmobile.prism.bll.businessLogicHandler.DefaultBillingBusinessLogicHandler.processGraceAndRetry (1119)]-next charge possible
[2022-11-17 15:44:18,243]-[WORKER_89_57785]-[DEBUG]-[com.onmobile.prism.core.TaskResponse.setResponses (30)]-Setting Task Response:RETRY pNextProcessTime:2022-11-18T15:40:15.000+0530 pFlowTag:null pResponseType:null
[2022-11-17 15:44:18,243]-[WORKER_89_57785]-[DEBUG]-[com.onmobile.prism.bll.businessLogicHandler.DefaultBillingBusinessLogicHandler.sendGraceNotification (1192)]-p_msgType:in_act_grace
[2022-11-17 15:44:18,243]-[WORKER_89_57785]-[DEBUG]-[com.onmobile.prism.controllers.SmsController.sendNotification (565)]-IN SEND NOTIFICATION:(TransactionRecord pTransRecord, String pMsgType, boolean isFutureChgInformation)in_act_grace
[2022-11-17 15:44:18,243]-[WORKER_89_57785]-[DEBUG]-[com.onmobile.prism.core.Subscription.getSystemInfoValue (333)]-Getting SystemInfo:LstChgSCId value:null
[2022-11-17 15:44:18,243]-[WORKER_89_57785]-[DEBUG]-[com.onmobile.prism.config.NotificationConfig.getNotificationForSCId (548)]-scnotification size = 0
[2022-11-17 15:44:18,243]-[WORKER_89_57785]-[DEBUG]-[com.onmobile.prism.config.ConfigManager.getNotificationForSCId (1500)]-Exception occured: com.onmobile.prism.exception.PrismValueNotFoundException: Value Not Found:Cache is empty
[2022-11-17 15:44:18,244]-[WORKER_89_57785]-[DEBUG]-[com.onmobile.prism.controllers.SmsController.sendNotification (588)]-No configuration found for LstChgScId. So checking for LstScId
[2022-11-17 15:44:18,244]-[WORKER_89_57785]-[DEBUG]-[com.onmobile.prism.core.Subscription.getSystemInfoValue (333)]-Getting SystemInfo:LstSCId value:null
[2022-11-17 15:44:18,244]-[WORKER_89_57785]-[DEBUG]-[com.onmobile.prism.config.NotificationConfig.getNotificationForSCId (548)]-scnotification size = 0
[2022-11-17 15:44:18,244]-[WORKER_89_57785]-[DEBUG]-[com.onmobile.prism.config.ConfigManager.getNotificationForSCId (1500)]-Exception occured: com.onmobile.prism.exception.PrismValueNotFoundException: Value Not Found:Cache is empty
[2022-11-17 15:44:18,244]-[WORKER_89_57785]-[DEBUG]-[com.onmobile.prism.controllers.SmsController.sendNotification (593)]-No configuration found for LstScId. So checking for service Id com.onmobile.prism.exception.PrismValueNotFoundException: Value Not Found:ServiceCharge for id:null is not configured.
[2022-11-17 15:44:18,244]-[WORKER_89_57785]-[DEBUG]-[com.onmobile.prism.config.NotificationConfig.getNotificationForSCId (548)]-scnotification size = 0
[2022-11-17 15:44:18,244]-[WORKER_89_57785]-[DEBUG]-[com.onmobile.prism.config.ConfigManager.getNotificationForSCId (1500)]-Exception occured: com.onmobile.prism.exception.PrismValueNotFoundException: Value Not Found:Cache is empty
[2022-11-17 15:44:18,245]-[WORKER_89_57785]-[DEBUG]-[com.onmobile.prism.config.NotificationConfig.isCacheInitialized (605)]-map size = 2
[2022-11-17 15:44:18,245]-[WORKER_89_57785]-[WARN]-[com.onmobile.prism.config.NotificationConfig.getLanguage (476)]-Default Notification Language Not Found Using ENGLISH
[2022-11-17 15:44:18,245]-[WORKER_89_57785]-[WARN]-[com.onmobile.prism.config.NotificationConfig.getLanguage (487)]-Subscriber Notification Language Check Not Found.Taking false.
[2022-11-17 15:44:18,245]-[WORKER_89_57785]-[DEBUG]-[com.onmobile.prism.controllers.SmsController.sendNotification (598)]-exception in getting notification.Notification not configured
[2022-11-17 15:44:18,245]-[WORKER_89_57785]-[DEBUG]-[com.onmobile.prism.controllers.SmsController.sendNotification (603)]-Notification id:null
[2022-11-17 15:44:18,245]-[WORKER_89_57785]-[DEBUG]-[com.onmobile.prism.controllers.SmsController.sendNotification (608)]-IN SEND NOTIFICATION:(TransactionRecord pTransRecord, Notification objNotification, String pMsgType, boolean isFutureChgInformation)in_act_grace
[2022-11-17 15:44:18,245]-[WORKER_89_57785]-[DEBUG]-[com.onmobile.prism.bll.businessLogicHandler.DefaultBillingBusinessLogicHandler.processGraceAndRetry (1135)]-Value Not Found:Requested Parameter : RECALCULATE_SCID_BOOLEAN not configured for SCID : 1011 and SiteId:1
[2022-11-17 15:44:18,245]-[WORKER_89_57785]-[DEBUG]-[com.onmobile.prism.jobImpl.ProcessJobImplementation.processTask (866)]-strAmount::30.0---30.0
[2022-11-17 15:44:18,245]-[WORKER_89_57785]-[DEBUG]-[com.onmobile.prism.jobImpl.ProcessJobImplementation.processTask (899)]-operator resp is not null
[2022-11-17 15:44:18,246]-[WORKER_89_57785]-[DEBUG]-[com.onmobile.prism.jobImpl.ProcessJobImplementation.processTask (947)]-strAmount::::::30.0--30.0
[2022-11-17 15:44:18,246]-[WORKER_89_57785]-[DEBUG]-[com.onmobile.prism.jobImpl.ProcessJobImplementation.processTask (954)]-Error getting vat
[2022-11-17 15:44:18,246]-[WORKER_89_57785]-[INFO]-[com.onmobile.prism.jobImpl.ProcessJobImplementation.processTask (961)]-TLOG_WITH_VAT not configured. Hence using default value as false
[2022-11-17 15:44:18,246]-[WORKER_89_57785]-[DEBUG]-[com.onmobile.prism.jobImpl.ProcessJobImplementation.processTask (981)]-strstatus:3
[2022-11-17 15:44:18,246]-[WORKER_89_57785]-[DEBUG]-[com.onmobile.prism.core.Subscription.getSystemInfoValue (333)]-Getting SystemInfo:recFileChg value:null
[2022-11-17 15:44:18,246]-[WORKER_89_57785]-[DEBUG]-[com.onmobile.prism.core.Subscription.getSystemInfoValue (333)]-Getting SystemInfo:ChgDtls value:null
[2022-11-17 15:44:18,246]-[WORKER_89_57785]-[DEBUG]-[com.onmobile.prism.jobImpl.ProcessJobImplementation.processTask (1005)]-Not rRecParam
[2022-11-17 15:44:18,246]-[WORKER_89_57785]-[DEBUG]-[com.onmobile.prism.core.Subscription.getSystemInfoValue (333)]-Getting SystemInfo:vatAmt value:null
[2022-11-17 15:44:18,246]-[WORKER_89_57785]-[DEBUG]-[com.onmobile.prism.core.TransactionRecord.getBillingLogger (211)]-billing logger object:com.onmobile.prism.log.BillingLogger@1d4c24ba
[2022-11-17 15:44:18,246]-[WORKER_89_57785]-[DEBUG]-[com.onmobile.prism.log.BillingLogger.addRecord (266)]-Tlog record added:CHG=3,30.0,,-,,,,38314352471956690438,1011,0.0,,,
